f:\afeka\system programming\introtosystemprogrammingproject\x64\debug\vc143.pdb
f:\afeka\system programming\introtosystemprogrammingproject\x64\debug\vc143.idb
f:\afeka\system programming\introtosystemprogrammingproject\x64\debug\usermsghistory.obj
f:\afeka\system programming\introtosystemprogrammingproject\x64\debug\user.obj
f:\afeka\system programming\introtosystemprogrammingproject\x64\debug\timestamp.obj
f:\afeka\system programming\introtosystemprogrammingproject\x64\debug\thread.obj
f:\afeka\system programming\introtosystemprogrammingproject\x64\debug\subject.obj
f:\afeka\system programming\introtosystemprogrammingproject\x64\debug\privatemsgbox.obj
f:\afeka\system programming\introtosystemprogrammingproject\x64\debug\message.obj
f:\afeka\system programming\introtosystemprogrammingproject\x64\debug\forum.obj
f:\afeka\system programming\introtosystemprogrammingproject\x64\debug\introtosystemprogrammingproject.exe
f:\afeka\system programming\introtosystemprogrammingproject\x64\debug\introtosystemprogrammingproject.ilk
f:\afeka\system programming\introtosystemprogrammingproject\x64\debug\introtosystemprogrammingproject.pdb
f:\afeka\system programming\introtosystemprogrammingproject\x64\debug\introtos.64b313f9.tlog\cl.command.1.tlog
f:\afeka\system programming\introtosystemprogrammingproject\x64\debug\introtos.64b313f9.tlog\cl.items.tlog
f:\afeka\system programming\introtosystemprogrammingproject\x64\debug\introtos.64b313f9.tlog\cl.read.1.tlog
f:\afeka\system programming\introtosystemprogrammingproject\x64\debug\introtos.64b313f9.tlog\cl.write.1.tlog
f:\afeka\system programming\introtosystemprogrammingproject\x64\debug\introtos.64b313f9.tlog\link.command.1.tlog
f:\afeka\system programming\introtosystemprogrammingproject\x64\debug\introtos.64b313f9.tlog\link.read.1.tlog
f:\afeka\system programming\introtosystemprogrammingproject\x64\debug\introtos.64b313f9.tlog\link.write.1.tlog
